<?xml version="1.0" encoding="UTF-8"?>
<!-- Generated by org.testng.reporters.JUnitReportReporter -->
<testsuite skipped="0" hostname="strandss-MacBook-Pro.local" name="loginTest" tests="1" failures="0" timestamp="14 Aug 2020 07:59:12 GMT" time="10.948" errors="0">
  <testcase name="firstTest" time="10.948" classname="loginTest"/>
</testsuite> <!-- loginTest -->
